<?xml version="1.0" encoding="UTF-8"?>
<testsuite xmlns:xsi="http://www.w3.org/2001/XMLSchema-instance" xsi:noNamespaceSchemaLocation="https://maven.apache.org/surefire/maven-surefire-plugin/xsd/surefire-test-report-3.0.xsd" version="3.0" name="com.educandoweb.course.CourseApplicationTests" time="10.411" tests="1" errors="0" skipped="0" failures="0">
  <properties>
[...]
</properties>
  <testcase name="contextLoads" classname="com.educandoweb.course.CourseApplicationTests" time="0.306">
    <system-out><![CDATA[18:13:44.745 [main] INFO org.springframework.test.context.support.AnnotationConfigContextLoaderUtils -- Could not detect default configuration classes for test class [com.educandoweb.course.CourseApplicationTests]: CourseApplicationTests does not declare any static, non-private, non-final, nested classes annotated with @Configuration.
18:13:44.793 [main] INFO org.springframework.boot.test.context.SpringBootTestContextBootstrapper -- Found @SpringBootConfiguration com.educandoweb.course.CourseApplication for test class com.educandoweb.course.CourseApplicationTests
  .   ____          _            __ _ _
 /\\ / ___'_ __ _ _(_)_ __  __ _ \ \ \ \
( ( )\___ | '_ | '_| | '_ \/ _` | \ \ \ \
 \\/  ___)| |_)| | | | | || (_| |  ) ) ) )
  '  |____| .__|_| |_|_| |_\__, | / / / /
 =========|_|==============|___/=/_/_/_/

 :: Spring Boot ::                (v3.3.0)

2024-06-04T18:13:44.989-03:00  INFO 12597 --- [course] [           main] c.e.course.CourseApplicationTests        : Starting CourseApplicationTests using Java 17.0.10 with PID 12597 (started by gabrafo in /home/gabrafo/Repositórios/course)
2024-06-04T18:13:44.990-03:00  INFO 12597 --- [course] [           main] c.e.course.CourseApplicationTests        : The following 1 profile is active: "dev"
2024-06-04T18:13:45.296-03:00  INFO 12597 --- [course] [           main] .s.d.r.c.RepositoryConfigurationDelegate : Bootstrapping Spring Data JPA repositories in DEFAULT mode.
2024-06-04T18:13:45.332-03:00  INFO 12597 --- [course] [           main] .s.d.r.c.RepositoryConfigurationDelegate : Finished Spring Data repository scanning in 31 ms. Found 5 JPA repository interfaces.
2024-06-04T18:13:45.554-03:00  INFO 12597 --- [course] [           main] o.hibernate.jpa.internal.util.LogHelper  : HHH000204: Processing PersistenceUnitInfo [name: default]
2024-06-04T18:13:45.580-03:00  INFO 12597 --- [course] [           main] org.hibernate.Version                    : HHH000412: Hibernate ORM core version 6.5.2.Final
2024-06-04T18:13:45.597-03:00  INFO 12597 --- [course] [           main] o.h.c.internal.RegionFactoryInitiator    : HHH000026: Second-level cache disabled
2024-06-04T18:13:45.737-03:00  INFO 12597 --- [course] [           main] o.s.o.j.p.SpringPersistenceUnitInfo      : No LoadTimeWeaver setup: ignoring JPA class transformer
2024-06-04T18:13:45.749-03:00  INFO 12597 --- [course] [           main] com.zaxxer.hikari.HikariDataSource       : HikariPool-1 - Starting...
2024-06-04T18:13:47.916-03:00  INFO 12597 --- [course] [           main] com.zaxxer.hikari.pool.HikariPool        : HikariPool-1 - Added connection org.postgresql.jdbc.PgConnection@1657b017
2024-06-04T18:13:47.918-03:00  INFO 12597 --- [course] [           main] com.zaxxer.hikari.HikariDataSource       : HikariPool-1 - Start completed.
2024-06-04T18:13:49.244-03:00  INFO 12597 --- [course] [           main] o.h.e.t.j.p.i.JtaPlatformInitiator       : HHH000489: No JTA platform available (set 'hibernate.transaction.jta.platform' to enable JTA platform integration)
2024-06-04T18:13:54.321-03:00  INFO 12597 --- [course] [           main] j.LocalContainerEntityManagerFactoryBean : Initialized JPA EntityManagerFactory for persistence unit 'default'
2024-06-04T18:13:54.760-03:00  INFO 12597 --- [course] [           main] c.e.course.CourseApplicationTests        : Started CourseApplicationTests in 9.901 seconds (process running for 10.374)
]]></system-out>
  </testcase>
</testsuite>